<?xml version="1.0" encoding="UTF-8"?>
<testsuite name="com.kodilla.testing.collection.CollectionTestSuite" tests="2" skipped="0" failures="0" errors="0" timestamp="2018-12-26T17:21:22" hostname="KASIA" time="0.008">
  <properties/>
  <testcase name="testOddNumbersExterminatorEmptyList" classname="com.kodilla.testing.collection.CollectionTestSuite" time="0.007"/>
  <testcase name="testOddNumbersExterminatorNormalList" classname="com.kodilla.testing.collection.CollectionTestSuite" time="0.001"/>
  <system-out><![CDATA[This is the beginning of all tests.
Let's begin testing..
The list is empty.
End of the test.
Let's begin testing..
The list contains both even and uneven numbers.
End of the test.
All tests are finished.
]]></system-out>
  <system-err><![CDATA[]]></system-err>
</testsuite>
